<?xml version="1.0" encoding="UTF-8"?>
<Site BuildName="Win32-ninja"
	BuildStamp="20251130-2004-Experimental"
	Name="Excellence"
	Generator="ctest-4.2.0"
	CompilerName="C:/Program Files (x86)/Microsoft Visual Studio/18/BuildTools/VC/Tools/MSVC/14.50.35717/bin/Hostx64/x64/cl.exe"
	CompilerVersion="19.50.35719.0"
	OSName="Windows"
	Hostname="Excellence"
	OSRelease="10.0.26200"
	OSVersion="Windows 10"
	OSPlatform="AMD64"
	Is64Bits="1"
	VendorString="GenuineIntel"
	VendorID="Intel Corporation"
	FamilyID="6"
	ModelID="12"
	ModelName=""
	ProcessorCacheSize="-1"
	NumberOfLogicalCPU="4"
	NumberOfPhysicalCPU="2"
	TotalVirtualMemory="18181"
	TotalPhysicalMemory="7991"
	LogicalProcessorsPerPhysical="2"
	ProcessorClockFrequency="2995"
	>
	<Testing>
		<StartDateTime>Dec 01 09:30 Central Standard Time</StartDateTime>
		<StartTestTime>1764603052</StartTestTime>
		<TestList/>
		<EndDateTime>Dec 01 09:30 Central Standard Time</EndDateTime>
		<EndTestTime>1764603052</EndTestTime>
		<ElapsedMinutes>0</ElapsedMinutes>
	</Testing>
</Site>
